Thu Jan 10 2019 23:06:20 GMT+0200 (GMT+02:00): GET, /
Thu Jan 10 2019 23:06:26 GMT+0200 (GMT+02:00): GET, /
Thu Jan 10 2019 23:06:35 GMT+0200 (GMT+02:00): GET, /
Thu Jan 10 2019 23:07:35 GMT+0200 (GMT+02:00): GET, /
Thu Jan 10 2019 23:08:18 GMT+0200 (GMT+02:00): GET, /
Thu Jan 10 2019 23:13:28 GMT+0200 (GMT+02:00): GET, /
Thu Jan 10 2019 23:16:38 GMT+0200 (GMT+02:00): GET, /
Thu Jan 10 2019 23:16:57 GMT+0200 (GMT+02:00): GET, /
Thu Jan 10 2019 23:17:30 GMT+0200 (GMT+02:00): GET, /
Thu Jan 10 2019 23:17:56 GMT+0200 (GMT+02:00): GET, /
Thu Jan 10 2019 23:19:44 GMT+0200 (GMT+02:00): GET, /publiv
Thu Jan 10 2019 23:19:49 GMT+0200 (GMT+02:00): GET, /public
Thu Jan 10 2019 23:20:06 GMT+0200 (GMT+02:00): GET, /help.html
Sat Jan 12 2019 23:31:34 GMT+0200 (GMT+02:00): GET, /help.html
Sat Jan 12 2019 23:31:37 GMT+0200 (GMT+02:00): GET, /favicon.ico
Sat Jan 12 2019 23:31:44 GMT+0200 (GMT+02:00): GET, /help.html
Sat Jan 12 2019 23:31:44 GMT+0200 (GMT+02:00): GET, /favicon.ico
Sat Jan 12 2019 23:33:11 GMT+0200 (GMT+02:00): GET, /help.html
Sat Jan 12 2019 23:33:12 GMT+0200 (GMT+02:00): GET, /favicon.ico
Sun Jan 13 2019 12:58:26 GMT+0200 (GMT+02:00): GET, /help.html
Sun Jan 13 2019 12:58:27 GMT+0200 (GMT+02:00): GET, /favicon.ico
Sun Jan 13 2019 12:58:31 GMT+0200 (GMT+02:00): GET, /help.html
Sun Jan 13 2019 12:58:32 GMT+0200 (GMT+02:00): GET, /favicon.ico
Sun Jan 13 2019 12:58:55 GMT+0200 (GMT+02:00): GET, /help.html
Sun Jan 13 2019 12:58:56 GMT+0200 (GMT+02:00): GET, /favicon.ico
Sun Jan 13 2019 12:59:02 GMT+0200 (GMT+02:00): GET, /help.html
Sun Jan 13 2019 12:59:03 GMT+0200 (GMT+02:00): GET, /favicon.ico
Sun Jan 13 2019 12:59:04 GMT+0200 (GMT+02:00): GET, /help.html
Sun Jan 13 2019 12:59:46 GMT+0200 (GMT+02:00): GET, /
Sun Jan 13 2019 12:59:49 GMT+0200 (GMT+02:00): GET, /
Sun Jan 13 2019 12:59:50 GMT+0200 (GMT+02:00): GET, /about
Sun Jan 13 2019 12:59:51 GMT+0200 (GMT+02:00): GET, /
Sun Jan 13 2019 12:59:52 GMT+0200 (GMT+02:00): GET, /projects
Sun Jan 13 2019 13:05:32 GMT+0200 (GMT+02:00): GET, /projects
Sun Jan 13 2019 13:05:39 GMT+0200 (GMT+02:00): GET, /about
Sun Jan 13 2019 13:05:40 GMT+0200 (GMT+02:00): GET, /projects
Sun Jan 13 2019 13:08:02 GMT+0200 (GMT+02:00): GET, /projects
Sun Jan 13 2019 13:08:06 GMT+0200 (GMT+02:00): GET, /projects
Sun Jan 13 2019 13:08:07 GMT+0200 (GMT+02:00): GET, /about
Sun Jan 13 2019 13:08:09 GMT+0200 (GMT+02:00): GET, /projects
